<?xml version="1.0" encoding="UTF-8"?>
<!-- Generated by org.testng.reporters.JUnitXMLReporter -->
<testsuite ignored="0" hostname="MacBookPro" failures="0" tests="2" name="SafariTest" time="363.305" errors="0" timestamp="2025-01-29T18:05:26 GMT-04:00">
  <testcase classname="testCases.TC001_AccountRegistrationTest" name="verifyAccountRegistrationTest" time="0.0">
    <skipped/>
  </testcase> <!-- verifyAccountRegistrationTest -->
  <testcase classname="testCases.TC002_LoginTest" name="verifyLoginTest" time="0.0">
    <skipped/>
  </testcase> <!-- verifyLoginTest -->
</testsuite> <!-- SafariTest -->
