<?xml version="1.0" encoding="UTF-8"?>
<testng-results ignored="0" total="2" passed="2" failed="0" skipped="0">
  <reporter-output>
  </reporter-output>
  <suite started-at="2025-02-02T15:45:15 GMT-04:00" name="Suite" finished-at="2025-02-02T15:45:28 GMT-04:00" duration-ms="12863">
    <groups>
      <group name="Master">
        <method signature="TC001_AccountRegistrationTest.verifyAccountRegistrationTest()[pri:0, instance:testCases.TC001_AccountRegistrationTest@130e116b]" name="verifyAccountRegistrationTest" class="testCases.TC001_AccountRegistrationTest"/>
        <method signature="TC002_LoginTest.verifyLoginTest()[pri:0, instance:testCases.TC002_LoginTest@a4add54]" name="verifyLoginTest" class="testCases.TC002_LoginTest"/>
      </group> <!-- Master -->
      <group name="Sanity">
        <method signature="TC001_AccountRegistrationTest.verifyAccountRegistrationTest()[pri:0, instance:testCases.TC001_AccountRegistrationTest@130e116b]" name="verifyAccountRegistrationTest" class="testCases.TC001_AccountRegistrationTest"/>
      </group> <!-- Sanity -->
      <group name="Regression">
        <method signature="TC002_LoginTest.verifyLoginTest()[pri:0, instance:testCases.TC002_LoginTest@a4add54]" name="verifyLoginTest" class="testCases.TC002_LoginTest"/>
      </group> <!-- Regression -->
    </groups>
    <test started-at="2025-02-02T15:45:15 GMT-04:00" name="Test" finished-at="2025-02-02T15:45:28 GMT-04:00" duration-ms="12863">
      <class name="testCases.TC002_LoginTest">
        <test-method is-config="true" signature="setUp(java.lang.String,java.lang.String)[pri:0, instance:testCases.TC002_LoginTest@a4add54]" started-at="2025-02-02T15:45:23 GMT-04:00" name="setUp" finished-at="2025-02-02T15:45:26 GMT-04:00" duration-ms="3347" status="PASS">
          <params>
            <param index="0">
              <value>
                <![CDATA[Mac]]>
              </value>
            </param>
            <param index="1">
              <value>
                <![CDATA[chrome]]>
              </value>
            </param>
          </params>
          <reporter-output>
          </reporter-output>
        </test-method> <!-- setUp -->
        <test-method signature="verifyLoginTest()[pri:0, instance:testCases.TC002_LoginTest@a4add54]" started-at="2025-02-02T15:45:26 GMT-04:00" name="verifyLoginTest" finished-at="2025-02-02T15:45:28 GMT-04:00" duration-ms="1694" status="PASS">
          <reporter-output>
          </reporter-output>
        </test-method> <!-- verifyLoginTest -->
        <test-method is-config="true" signature="tearDown()[pri:0, instance:testCases.TC002_LoginTest@a4add54]" started-at="2025-02-02T15:45:28 GMT-04:00" name="tearDown" finished-at="2025-02-02T15:45:28 GMT-04:00" duration-ms="242" status="PASS">
          <reporter-output>
          </reporter-output>
        </test-method> <!-- tearDown -->
      </class> <!-- testCases.TC002_LoginTest -->
      <class name="testCases.TC001_AccountRegistrationTest">
        <test-method is-config="true" signature="setUp(java.lang.String,java.lang.String)[pri:0, instance:testCases.TC001_AccountRegistrationTest@130e116b]" started-at="2025-02-02T15:45:15 GMT-04:00" name="setUp" finished-at="2025-02-02T15:45:20 GMT-04:00" duration-ms="4663" status="PASS">
          <params>
            <param index="0">
              <value>
                <![CDATA[Mac]]>
              </value>
            </param>
            <param index="1">
              <value>
                <![CDATA[chrome]]>
              </value>
            </param>
          </params>
          <reporter-output>
          </reporter-output>
        </test-method> <!-- setUp -->
        <test-method signature="verifyAccountRegistrationTest()[pri:0, instance:testCases.TC001_AccountRegistrationTest@130e116b]" started-at="2025-02-02T15:45:20 GMT-04:00" name="verifyAccountRegistrationTest" finished-at="2025-02-02T15:45:22 GMT-04:00" duration-ms="2235" status="PASS">
          <reporter-output>
          </reporter-output>
        </test-method> <!-- verifyAccountRegistrationTest -->
        <test-method is-config="true" signature="tearDown()[pri:0, instance:testCases.TC001_AccountRegistrationTest@130e116b]" started-at="2025-02-02T15:45:22 GMT-04:00" name="tearDown" finished-at="2025-02-02T15:45:23 GMT-04:00" duration-ms="339" status="PASS">
          <reporter-output>
          </reporter-output>
        </test-method> <!-- tearDown -->
      </class> <!-- testCases.TC001_AccountRegistrationTest -->
    </test> <!-- Test -->
  </suite> <!-- Suite -->
</testng-results>
