<?xml version="1.0" encoding="UTF-8"?>
<testng-results ignored="0" total="2" passed="2" failed="0" skipped="0">
  <reporter-output>
  </reporter-output>
  <suite started-at="2025-02-02T14:51:55 GMT-04:00" name="Suite" finished-at="2025-02-02T14:52:06 GMT-04:00" duration-ms="11873">
    <groups>
      <group name="Master">
        <method signature="TC001_AccountRegistrationTest.verifyAccountRegistrationTest()[pri:0, instance:testCases.TC001_AccountRegistrationTest@71c27ee8]" name="verifyAccountRegistrationTest" class="testCases.TC001_AccountRegistrationTest"/>
        <method signature="TC002_LoginTest.verifyLoginTest()[pri:0, instance:testCases.TC002_LoginTest@3549bca9]" name="verifyLoginTest" class="testCases.TC002_LoginTest"/>
      </group> <!-- Master -->
      <group name="Sanity">
        <method signature="TC001_AccountRegistrationTest.verifyAccountRegistrationTest()[pri:0, instance:testCases.TC001_AccountRegistrationTest@71c27ee8]" name="verifyAccountRegistrationTest" class="testCases.TC001_AccountRegistrationTest"/>
      </group> <!-- Sanity -->
      <group name="Regression">
        <method signature="TC002_LoginTest.verifyLoginTest()[pri:0, instance:testCases.TC002_LoginTest@3549bca9]" name="verifyLoginTest" class="testCases.TC002_LoginTest"/>
      </group> <!-- Regression -->
    </groups>
    <test started-at="2025-02-02T14:51:55 GMT-04:00" name="Test" finished-at="2025-02-02T14:52:06 GMT-04:00" duration-ms="11873">
      <class name="testCases.TC002_LoginTest">
        <test-method is-config="true" signature="setUp(java.lang.String,java.lang.String)[pri:0, instance:testCases.TC002_LoginTest@3549bca9]" started-at="2025-02-02T14:52:01 GMT-04:00" name="setUp" finished-at="2025-02-02T14:52:04 GMT-04:00" duration-ms="3262" status="PASS">
          <params>
            <param index="0">
              <value>
                <![CDATA[Mac]]>
              </value>
            </param>
            <param index="1">
              <value>
                <![CDATA[chrome]]>
              </value>
            </param>
          </params>
          <reporter-output>
          </reporter-output>
        </test-method> <!-- setUp -->
        <test-method signature="verifyLoginTest()[pri:0, instance:testCases.TC002_LoginTest@3549bca9]" started-at="2025-02-02T14:52:04 GMT-04:00" name="verifyLoginTest" finished-at="2025-02-02T14:52:06 GMT-04:00" duration-ms="1782" status="PASS">
          <reporter-output>
          </reporter-output>
        </test-method> <!-- verifyLoginTest -->
        <test-method is-config="true" signature="tearDown()[pri:0, instance:testCases.TC002_LoginTest@3549bca9]" started-at="2025-02-02T14:52:06 GMT-04:00" name="tearDown" finished-at="2025-02-02T14:52:06 GMT-04:00" duration-ms="171" status="PASS">
          <reporter-output>
          </reporter-output>
        </test-method> <!-- tearDown -->
      </class> <!-- testCases.TC002_LoginTest -->
      <class name="testCases.TC001_AccountRegistrationTest">
        <test-method is-config="true" signature="setUp(java.lang.String,java.lang.String)[pri:0, instance:testCases.TC001_AccountRegistrationTest@71c27ee8]" started-at="2025-02-02T14:51:55 GMT-04:00" name="setUp" finished-at="2025-02-02T14:51:59 GMT-04:00" duration-ms="4173" status="PASS">
          <params>
            <param index="0">
              <value>
                <![CDATA[Mac]]>
              </value>
            </param>
            <param index="1">
              <value>
                <![CDATA[chrome]]>
              </value>
            </param>
          </params>
          <reporter-output>
          </reporter-output>
        </test-method> <!-- setUp -->
        <test-method signature="verifyAccountRegistrationTest()[pri:0, instance:testCases.TC001_AccountRegistrationTest@71c27ee8]" started-at="2025-02-02T14:51:59 GMT-04:00" name="verifyAccountRegistrationTest" finished-at="2025-02-02T14:52:01 GMT-04:00" duration-ms="2042" status="PASS">
          <reporter-output>
          </reporter-output>
        </test-method> <!-- verifyAccountRegistrationTest -->
        <test-method is-config="true" signature="tearDown()[pri:0, instance:testCases.TC001_AccountRegistrationTest@71c27ee8]" started-at="2025-02-02T14:52:01 GMT-04:00" name="tearDown" finished-at="2025-02-02T14:52:01 GMT-04:00" duration-ms="199" status="PASS">
          <reporter-output>
          </reporter-output>
        </test-method> <!-- tearDown -->
      </class> <!-- testCases.TC001_AccountRegistrationTest -->
    </test> <!-- Test -->
  </suite> <!-- Suite -->
</testng-results>
